# JRE version: OpenJDK Runtime Environment (8.0_242-b01) (build 1.8.0_242-release-1644-b01)
# Java VM: OpenJDK 64-Bit Server VM (25.242-b01 mixed mode windows-amd64 compressed oops)
Heap:
 PSYoungGen      total 327168K, used 70397K [0x00000000d5580000, 0x00000000ef600000, 0x0000000100000000)
  eden space 301568K, 16% used [0x00000000d5580000,0x00000000d84be858,0x00000000e7c00000)
  from space 25600K, 86% used [0x00000000e7c00000,0x00000000e9180da8,0x00000000e9500000)
  to   space 28672K, 0% used [0x00000000eda00000,0x00000000eda00000,0x00000000ef600000)
 ParOldGen       total 86528K, used 47525K [0x0000000080000000, 0x0000000085480000, 0x00000000d5580000)
  object space 86528K, 54% used [0x0000000080000000,0x0000000082e695a8,0x0000000085480000)
 Metaspace       used 75430K, capacity 78748K, committed 78888K, reserved 1118208K
  class space    used 10122K, capacity 10787K, committed 10792K, reserved 1048576K
GC Heap History (10 events):
Event: 14.286 GC heap before
{Heap before GC invocations=14 (full 2):
 PSYoungGen      total 197120K, used 197099K [0x00000000d5580000, 0x00000000e5980000, 0x0000000100000000)
  eden space 184320K, 100% used [0x00000000d5580000,0x00000000e0980000,0x00000000e0980000)
  from space 12800K, 99% used [0x00000000e0980000,0x00000000e15fac58,0x00000000e1600000)
  to   space 15872K, 0% used [0x00000000e4a00000,0x00000000e4a00000,0x00000000e5980000)
 ParOldGen       total 50688K, used 18310K [0x0000000080000000, 0x0000000083180000, 0x00000000d5580000)
  object space 50688K, 36% used [0x0000000080000000,0x00000000811e1a60,0x0000000083180000)
 Metaspace       used 56097K, capacity 58418K, committed 58664K, reserved 1099776K
  class space    used 7644K, capacity 8153K, committed 8232K, reserved 1048576K
Event: 14.338 GC heap after
Heap after GC invocations=14 (full 2):
 PSYoungGen      total 243200K, used 15865K [0x00000000d5580000, 0x00000000e6480000, 0x0000000100000000)
  eden space 227328K, 0% used [0x00000000d5580000,0x00000000d5580000,0x00000000e3380000)
  from space 15872K, 99% used [0x00000000e4a00000,0x00000000e597e620,0x00000000e5980000)
  to   space 23040K, 0% used [0x00000000e3380000,0x00000000e3380000,0x00000000e4a00000)
 ParOldGen       total 50688K, used 32039K [0x0000000080000000, 0x0000000083180000, 0x00000000d5580000)
  object space 50688K, 63% used [0x0000000080000000,0x0000000081f49f58,0x0000000083180000)
 Metaspace       used 56097K, capacity 58418K, committed 58664K, reserved 1099776K
  class space    used 7644K, capacity 8153K, committed 8232K, reserved 1048576K
}
Event: 14.567 GC heap before
{Heap before GC invocations=15 (full 2):
 PSYoungGen      total 243200K, used 27649K [0x00000000d5580000, 0x00000000e6480000, 0x0000000100000000)
  eden space 227328K, 5% used [0x00000000d5580000,0x00000000d6102168,0x00000000e3380000)
  from space 15872K, 99% used [0x00000000e4a00000,0x00000000e597e620,0x00000000e5980000)
  to   space 23040K, 0% used [0x00000000e3380000,0x00000000e3380000,0x00000000e4a00000)
 ParOldGen       total 50688K, used 32039K [0x0000000080000000, 0x0000000083180000, 0x00000000d5580000)
  object space 50688K, 63% used [0x0000000080000000,0x0000000081f49f58,0x0000000083180000)
 Metaspace       used 56731K, capacity 59068K, committed 59160K, reserved 1099776K
  class space    used 7753K, capacity 8270K, committed 8360K, reserved 1048576K
Event: 14.600 GC heap after
Heap after GC invocations=15 (full 2):
 PSYoungGen      total 250368K, used 864K [0x00000000d5580000, 0x00000000eb280000, 0x0000000100000000)
  eden space 227328K, 0% used [0x00000000d5580000,0x00000000d5580000,0x00000000e3380000)
  from space 23040K, 3% used [0x00000000e3380000,0x00000000e3458000,0x00000000e4a00000)
  to   space 23552K, 0% used [0x00000000e9b80000,0x00000000e9b80000,0x00000000eb280000)
 ParOldGen       total 50688K, used 45454K [0x0000000080000000, 0x0000000083180000, 0x00000000d5580000)
  object space 50688K, 89% used [0x0000000080000000,0x0000000082c638d8,0x0000000083180000)
 Metaspace       used 56731K, capacity 59068K, committed 59160K, reserved 1099776K
  class space    used 7753K, capacity 8270K, committed 8360K, reserved 1048576K
}
Event: 14.600 GC heap before
{Heap before GC invocations=16 (full 3):
 PSYoungGen      total 250368K, used 864K [0x00000000d5580000, 0x00000000eb280000, 0x0000000100000000)
  eden space 227328K, 0% used [0x00000000d5580000,0x00000000d5580000,0x00000000e3380000)
  from space 23040K, 3% used [0x00000000e3380000,0x00000000e3458000,0x00000000e4a00000)
  to   space 23552K, 0% used [0x00000000e9b80000,0x00000000e9b80000,0x00000000eb280000)
 ParOldGen       total 50688K, used 45454K [0x0000000080000000, 0x0000000083180000, 0x00000000d5580000)
  object space 50688K, 89% used [0x0000000080000000,0x0000000082c638d8,0x0000000083180000)
 Metaspace       used 56731K, capacity 59068K, committed 59160K, reserved 1099776K
  class space    used 7753K, capacity 8270K, committed 8360K, reserved 1048576K
Event: 15.012 GC heap after
Heap after GC invocations=16 (full 3):
 PSYoungGen      total 250368K, used 0K [0x00000000d5580000, 0x00000000eb280000, 0x0000000100000000)
  eden space 227328K, 0% used [0x00000000d5580000,0x00000000d5580000,0x00000000e3380000)
  from space 23040K, 0% used [0x00000000e3380000,0x00000000e3380000,0x00000000e4a00000)
  to   space 23552K, 0% used [0x00000000e9b80000,0x00000000e9b80000,0x00000000eb280000)
 ParOldGen       total 86528K, used 34519K [0x0000000080000000, 0x0000000085480000, 0x00000000d5580000)
  object space 86528K, 39% used [0x0000000080000000,0x00000000821b5fd0,0x0000000085480000)
 Metaspace       used 56711K, capacity 59002K, committed 59160K, reserved 1099776K
  class space    used 7747K, capacity 8259K, committed 8360K, reserved 1048576K
}
Event: 22.375 GC heap before
{Heap before GC invocations=17 (full 3):
 PSYoungGen      total 250368K, used 227328K [0x00000000d5580000, 0x00000000eb280000, 0x0000000100000000)
  eden space 227328K, 100% used [0x00000000d5580000,0x00000000e3380000,0x00000000e3380000)
  from space 23040K, 0% used [0x00000000e3380000,0x00000000e3380000,0x00000000e4a00000)
  to   space 23552K, 0% used [0x00000000e9b80000,0x00000000e9b80000,0x00000000eb280000)
 ParOldGen       total 86528K, used 34519K [0x0000000080000000, 0x0000000085480000, 0x00000000d5580000)
  object space 86528K, 39% used [0x0000000080000000,0x00000000821b5fd0,0x0000000085480000)
 Metaspace       used 64165K, capacity 67068K, committed 67368K, reserved 1107968K
  class space    used 8809K, capacity 9442K, committed 9512K, reserved 1048576K
Event: 22.402 GC heap after
Heap after GC invocations=17 (full 3):
 PSYoungGen      total 313344K, used 18466K [0x00000000d5580000, 0x00000000eae00000, 0x0000000100000000)
  eden space 294400K, 0% used [0x00000000d5580000,0x00000000d5580000,0x00000000e7500000)
  from space 18944K, 97% used [0x00000000e9b80000,0x00000000ead888c8,0x00000000eae00000)
  to   space 25600K, 0% used [0x00000000e7c00000,0x00000000e7c00000,0x00000000e9500000)
 ParOldGen       total 86528K, used 34527K [0x0000000080000000, 0x0000000085480000, 0x00000000d5580000)
  object space 86528K, 39% used [0x0000000080000000,0x00000000821b7fd0,0x0000000085480000)
 Metaspace       used 64165K, capacity 67068K, committed 67368K, reserved 1107968K
  class space    used 8809K, capacity 9442K, committed 9512K, reserved 1048576K
}
Event: 50.337 GC heap before
{Heap before GC invocations=18 (full 3):
 PSYoungGen      total 313344K, used 312866K [0x00000000d5580000, 0x00000000eae00000, 0x0000000100000000)
  eden space 294400K, 100% used [0x00000000d5580000,0x00000000e7500000,0x00000000e7500000)
  from space 18944K, 97% used [0x00000000e9b80000,0x00000000ead888c8,0x00000000eae00000)
  to   space 25600K, 0% used [0x00000000e7c00000,0x00000000e7c00000,0x00000000e9500000)
 ParOldGen       total 86528K, used 34527K [0x0000000080000000, 0x0000000085480000, 0x00000000d5580000)
  object space 86528K, 39% used [0x0000000080000000,0x00000000821b7fd0,0x0000000085480000)
 Metaspace       used 73571K, capacity 76838K, committed 76968K, reserved 1116160K
  class space    used 9970K, capacity 10622K, committed 10664K, reserved 1048576K
Event: 50.392 GC heap after
Heap after GC invocations=18 (full 3):
 PSYoungGen      total 327168K, used 22019K [0x00000000d5580000, 0x00000000ef600000, 0x0000000100000000)
  eden space 301568K, 0% used [0x00000000d5580000,0x00000000d5580000,0x00000000e7c00000)
  from space 25600K, 86% used [0x00000000e7c00000,0x00000000e9180da8,0x00000000e9500000)
  to   space 28672K, 0% used [0x00000000eda00000,0x00000000eda00000,0x00000000ef600000)
 ParOldGen       total 86528K, used 47525K [0x0000000080000000, 0x0000000085480000, 0x00000000d5580000)
  object space 86528K, 54% used [0x0000000080000000,0x0000000082e695a8,0x0000000085480000)
 Metaspace       used 73571K, capacity 76838K, committed 76968K, reserved 1116160K
  class space    used 9970K, capacity 10622K, committed 10664K, reserved 1048576K
}

