# JRE version: OpenJDK Runtime Environment (8.0_242-b01) (build 1.8.0_242-release-1644-b01)
# Java VM: OpenJDK 64-Bit Server VM (25.242-b01 mixed mode windows-amd64 compressed oops)
Heap:
 PSYoungGen      total 362496K, used 74805K [0x00000000d5580000, 0x00000000ee700000, 0x0000000100000000)
  eden space 334848K, 14% used [0x00000000d5580000,0x00000000d838d770,0x00000000e9c80000)
  from space 27648K, 99% used [0x00000000ebf00000,0x00000000ed9ffdf8,0x00000000eda00000)
  to   space 35328K, 0% used [0x00000000e9c80000,0x00000000e9c80000,0x00000000ebf00000)
 ParOldGen       total 89088K, used 42525K [0x0000000080000000, 0x0000000085700000, 0x00000000d5580000)
  object space 89088K, 47% used [0x0000000080000000,0x00000000829874c8,0x0000000085700000)
 Metaspace       used 74697K, capacity 78324K, committed 78632K, reserved 1118208K
  class space    used 10003K, capacity 10726K, committed 10800K, reserved 1048576K
GC Heap History (10 events):
Event: 14.278 GC heap before
{Heap before GC invocations=15 (full 2):
 PSYoungGen      total 240640K, used 38498K [0x00000000d5580000, 0x00000000e6180000, 0x0000000100000000)
  eden space 224768K, 10% used [0x00000000d5580000,0x00000000d6b98ec8,0x00000000e3100000)
  from space 15872K, 99% used [0x00000000e4780000,0x00000000e56ffaf0,0x00000000e5700000)
  to   space 23040K, 0% used [0x00000000e3100000,0x00000000e3100000,0x00000000e4780000)
 ParOldGen       total 51712K, used 30568K [0x0000000080000000, 0x0000000083280000, 0x00000000d5580000)
  object space 51712K, 59% used [0x0000000080000000,0x0000000081dda308,0x0000000083280000)
 Metaspace       used 56675K, capacity 59062K, committed 59160K, reserved 1099776K
  class space    used 7746K, capacity 8271K, committed 8368K, reserved 1048576K
Event: 14.301 GC heap after
Heap after GC invocations=15 (full 2):
 PSYoungGen      total 247808K, used 1632K [0x00000000d5580000, 0x00000000ea200000, 0x0000000100000000)
  eden space 224768K, 0% used [0x00000000d5580000,0x00000000d5580000,0x00000000e3100000)
  from space 23040K, 7% used [0x00000000e3100000,0x00000000e3298000,0x00000000e4780000)
  to   space 23040K, 0% used [0x00000000e8b80000,0x00000000e8b80000,0x00000000ea200000)
 ParOldGen       total 51712K, used 43301K [0x0000000080000000, 0x0000000083280000, 0x00000000d5580000)
  object space 51712K, 83% used [0x0000000080000000,0x0000000082a497f0,0x0000000083280000)
 Metaspace       used 56675K, capacity 59062K, committed 59160K, reserved 1099776K
  class space    used 7746K, capacity 8271K, committed 8368K, reserved 1048576K
}
Event: 14.301 GC heap before
{Heap before GC invocations=16 (full 3):
 PSYoungGen      total 247808K, used 1632K [0x00000000d5580000, 0x00000000ea200000, 0x0000000100000000)
  eden space 224768K, 0% used [0x00000000d5580000,0x00000000d5580000,0x00000000e3100000)
  from space 23040K, 7% used [0x00000000e3100000,0x00000000e3298000,0x00000000e4780000)
  to   space 23040K, 0% used [0x00000000e8b80000,0x00000000e8b80000,0x00000000ea200000)
 ParOldGen       total 51712K, used 43301K [0x0000000080000000, 0x0000000083280000, 0x00000000d5580000)
  object space 51712K, 83% used [0x0000000080000000,0x0000000082a497f0,0x0000000083280000)
 Metaspace       used 56675K, capacity 59062K, committed 59160K, reserved 1099776K
  class space    used 7746K, capacity 8271K, committed 8368K, reserved 1048576K
Event: 14.616 GC heap after
Heap after GC invocations=16 (full 3):
 PSYoungGen      total 247808K, used 0K [0x00000000d5580000, 0x00000000ea200000, 0x0000000100000000)
  eden space 224768K, 0% used [0x00000000d5580000,0x00000000d5580000,0x00000000e3100000)
  from space 23040K, 0% used [0x00000000e3100000,0x00000000e3100000,0x00000000e4780000)
  to   space 23040K, 0% used [0x00000000e8b80000,0x00000000e8b80000,0x00000000ea200000)
 ParOldGen       total 89088K, used 34499K [0x0000000080000000, 0x0000000085700000, 0x00000000d5580000)
  object space 89088K, 38% used [0x0000000080000000,0x00000000821b0ca8,0x0000000085700000)
 Metaspace       used 56653K, capacity 58984K, committed 59160K, reserved 1099776K
  class space    used 7739K, capacity 8258K, committed 8368K, reserved 1048576K
}
Event: 23.542 GC heap before
{Heap before GC invocations=17 (full 3):
 PSYoungGen      total 247808K, used 224768K [0x00000000d5580000, 0x00000000ea200000, 0x0000000100000000)
  eden space 224768K, 100% used [0x00000000d5580000,0x00000000e3100000,0x00000000e3100000)
  from space 23040K, 0% used [0x00000000e3100000,0x00000000e3100000,0x00000000e4780000)
  to   space 23040K, 0% used [0x00000000e8b80000,0x00000000e8b80000,0x00000000ea200000)
 ParOldGen       total 89088K, used 34499K [0x0000000080000000, 0x0000000085700000, 0x00000000d5580000)
  object space 89088K, 38% used [0x0000000080000000,0x00000000821b0ca8,0x0000000085700000)
 Metaspace       used 65227K, capacity 68316K, committed 68520K, reserved 1107968K
  class space    used 8982K, capacity 9596K, committed 9648K, reserved 1048576K
Event: 23.568 GC heap after
Heap after GC invocations=17 (full 3):
 PSYoungGen      total 301056K, used 19228K [0x00000000d5580000, 0x00000000e9e80000, 0x0000000100000000)
  eden space 281600K, 0% used [0x00000000d5580000,0x00000000d5580000,0x00000000e6880000)
  from space 19456K, 98% used [0x00000000e8b80000,0x00000000e9e47028,0x00000000e9e80000)
  to   space 25600K, 0% used [0x00000000e6c80000,0x00000000e6c80000,0x00000000e8580000)
 ParOldGen       total 89088K, used 34507K [0x0000000080000000, 0x0000000085700000, 0x00000000d5580000)
  object space 89088K, 38% used [0x0000000080000000,0x00000000821b2ca8,0x0000000085700000)
 Metaspace       used 65227K, capacity 68316K, committed 68520K, reserved 1107968K
  class space    used 8982K, capacity 9596K, committed 9648K, reserved 1048576K
}
Event: 34.530 GC heap before
{Heap before GC invocations=18 (full 3):
 PSYoungGen      total 301056K, used 300828K [0x00000000d5580000, 0x00000000e9e80000, 0x0000000100000000)
  eden space 281600K, 100% used [0x00000000d5580000,0x00000000e6880000,0x00000000e6880000)
  from space 19456K, 98% used [0x00000000e8b80000,0x00000000e9e47028,0x00000000e9e80000)
  to   space 25600K, 0% used [0x00000000e6c80000,0x00000000e6c80000,0x00000000e8580000)
 ParOldGen       total 89088K, used 34507K [0x0000000080000000, 0x0000000085700000, 0x00000000d5580000)
  object space 89088K, 38% used [0x0000000080000000,0x00000000821b2ca8,0x0000000085700000)
 Metaspace       used 70119K, capacity 73414K, committed 73640K, reserved 1112064K
  class space    used 9454K, capacity 10131K, committed 10160K, reserved 1048576K
Event: 34.555 GC heap after
Heap after GC invocations=18 (full 3):
 PSYoungGen      total 311296K, used 19178K [0x00000000d5580000, 0x00000000eda00000, 0x0000000100000000)
  eden space 285696K, 0% used [0x00000000d5580000,0x00000000d5580000,0x00000000e6c80000)
  from space 25600K, 74% used [0x00000000e6c80000,0x00000000e7f3a898,0x00000000e8580000)
  to   space 27648K, 0% used [0x00000000ebf00000,0x00000000ebf00000,0x00000000eda00000)
 ParOldGen       total 89088K, used 34515K [0x0000000080000000, 0x0000000085700000, 0x00000000d5580000)
  object space 89088K, 38% used [0x0000000080000000,0x00000000821b4ca8,0x0000000085700000)
 Metaspace       used 70119K, capacity 73414K, committed 73640K, reserved 1112064K
  class space    used 9454K, capacity 10131K, committed 10160K, reserved 1048576K
}
Event: 44.021 GC heap before
{Heap before GC invocations=19 (full 3):
 PSYoungGen      total 311296K, used 304874K [0x00000000d5580000, 0x00000000eda00000, 0x0000000100000000)
  eden space 285696K, 100% used [0x00000000d5580000,0x00000000e6c80000,0x00000000e6c80000)
  from space 25600K, 74% used [0x00000000e6c80000,0x00000000e7f3a898,0x00000000e8580000)
  to   space 27648K, 0% used [0x00000000ebf00000,0x00000000ebf00000,0x00000000eda00000)
 ParOldGen       total 89088K, used 34515K [0x0000000080000000, 0x0000000085700000, 0x00000000d5580000)
  object space 89088K, 38% used [0x0000000080000000,0x00000000821b4ca8,0x0000000085700000)
 Metaspace       used 74570K, capacity 78140K, committed 78376K, reserved 1116160K
  class space    used 9991K, capacity 10690K, committed 10800K, reserved 1048576K
Event: 44.071 GC heap after
Heap after GC invocations=19 (full 3):
 PSYoungGen      total 362496K, used 27647K [0x00000000d5580000, 0x00000000ee700000, 0x0000000100000000)
  eden space 334848K, 0% used [0x00000000d5580000,0x00000000d5580000,0x00000000e9c80000)
  from space 27648K, 99% used [0x00000000ebf00000,0x00000000ed9ffdf8,0x00000000eda00000)
  to   space 35328K, 0% used [0x00000000e9c80000,0x00000000e9c80000,0x00000000ebf00000)
 ParOldGen       total 89088K, used 42525K [0x0000000080000000, 0x0000000085700000, 0x00000000d5580000)
  object space 89088K, 47% used [0x0000000080000000,0x00000000829874c8,0x0000000085700000)
 Metaspace       used 74570K, capacity 78140K, committed 78376K, reserved 1116160K
  class space    used 9991K, capacity 10690K, committed 10800K, reserved 1048576K
}

