# JRE version: OpenJDK Runtime Environment (8.0_242-b01) (build 1.8.0_242-release-1644-b01)
# Java VM: OpenJDK 64-Bit Server VM (25.242-b01 mixed mode windows-amd64 compressed oops)
Heap:
 PSYoungGen      total 323584K, used 7223K [0x00000000d5580000, 0x00000000ed400000, 0x0000000100000000)
  eden space 271360K, 2% used [0x00000000d5580000,0x00000000d5c8dc98,0x00000000e5e80000)
  from space 52224K, 0% used [0x00000000ea100000,0x00000000ea100000,0x00000000ed400000)
  to   space 48640K, 0% used [0x00000000e5e80000,0x00000000e5e80000,0x00000000e8e00000)
 ParOldGen       total 179712K, used 81684K [0x0000000080000000, 0x000000008af80000, 0x00000000d5580000)
  object space 179712K, 45% used [0x0000000080000000,0x0000000084fc5200,0x000000008af80000)
 Metaspace       used 103135K, capacity 107966K, committed 110168K, reserved 1148928K
  class space    used 13685K, capacity 14670K, committed 15232K, reserved 1048576K
GC Heap History (10 events):
Event: 1367.087 GC heap before
{Heap before GC invocations=23 (full 4):
 PSYoungGen      total 300032K, used 31574K [0x00000000d5580000, 0x00000000ec080000, 0x0000000100000000)
  eden space 268288K, 0% used [0x00000000d5580000,0x00000000d5580000,0x00000000e5b80000)
  from space 31744K, 99% used [0x00000000e6680000,0x00000000e8555988,0x00000000e8580000)
  to   space 51712K, 0% used [0x00000000e8e00000,0x00000000e8e00000,0x00000000ec080000)
 ParOldGen       total 104448K, used 74588K [0x0000000080000000, 0x0000000086600000, 0x00000000d5580000)
  object space 104448K, 71% used [0x0000000080000000,0x00000000848d7278,0x0000000086600000)
 Metaspace       used 92716K, capacity 98238K, committed 98280K, reserved 1134592K
  class space    used 12485K, capacity 13528K, committed 13568K, reserved 1048576K
Event: 1367.444 GC heap after
Heap after GC invocations=23 (full 4):
 PSYoungGen      total 300032K, used 0K [0x00000000d5580000, 0x00000000ec080000, 0x0000000100000000)
  eden space 268288K, 0% used [0x00000000d5580000,0x00000000d5580000,0x00000000e5b80000)
  from space 31744K, 0% used [0x00000000e6680000,0x00000000e6680000,0x00000000e8580000)
  to   space 51712K, 0% used [0x00000000e8e00000,0x00000000e8e00000,0x00000000ec080000)
 ParOldGen       total 179712K, used 74015K [0x0000000080000000, 0x000000008af80000, 0x00000000d5580000)
  object space 179712K, 41% used [0x0000000080000000,0x0000000084847cc8,0x000000008af80000)
 Metaspace       used 92634K, capacity 98010K, committed 98280K, reserved 1134592K
  class space    used 12458K, capacity 13480K, committed 13568K, reserved 1048576K
}
Event: 1379.390 GC heap before
{Heap before GC invocations=24 (full 4):
 PSYoungGen      total 300032K, used 268288K [0x00000000d5580000, 0x00000000ec080000, 0x0000000100000000)
  eden space 268288K, 100% used [0x00000000d5580000,0x00000000e5b80000,0x00000000e5b80000)
  from space 31744K, 0% used [0x00000000e6680000,0x00000000e6680000,0x00000000e8580000)
  to   space 51712K, 0% used [0x00000000e8e00000,0x00000000e8e00000,0x00000000ec080000)
 ParOldGen       total 179712K, used 74015K [0x0000000080000000, 0x000000008af80000, 0x00000000d5580000)
  object space 179712K, 41% used [0x0000000080000000,0x0000000084847cc8,0x000000008af80000)
 Metaspace       used 99983K, capacity 105630K, committed 105816K, reserved 1140736K
  class space    used 13502K, capacity 14687K, committed 14720K, reserved 1048576K
Event: 1379.418 GC heap after
Heap after GC invocations=24 (full 4):
 PSYoungGen      total 323072K, used 20442K [0x00000000d5580000, 0x00000000ece00000, 0x0000000100000000)
  eden space 271360K, 0% used [0x00000000d5580000,0x00000000d5580000,0x00000000e5e80000)
  from space 51712K, 39% used [0x00000000e8e00000,0x00000000ea1f6a98,0x00000000ec080000)
  to   space 48640K, 0% used [0x00000000e5e80000,0x00000000e5e80000,0x00000000e8e00000)
 ParOldGen       total 179712K, used 74023K [0x0000000080000000, 0x000000008af80000, 0x00000000d5580000)
  object space 179712K, 41% used [0x0000000080000000,0x0000000084849cc8,0x000000008af80000)
 Metaspace       used 99983K, capacity 105630K, committed 105816K, reserved 1140736K
  class space    used 13502K, capacity 14687K, committed 14720K, reserved 1048576K
}
Event: 3493.200 GC heap before
{Heap before GC invocations=25 (full 4):
 PSYoungGen      total 323072K, used 291802K [0x00000000d5580000, 0x00000000ece00000, 0x0000000100000000)
  eden space 271360K, 100% used [0x00000000d5580000,0x00000000e5e80000,0x00000000e5e80000)
  from space 51712K, 39% used [0x00000000e8e00000,0x00000000ea1f6a98,0x00000000ec080000)
  to   space 48640K, 0% used [0x00000000e5e80000,0x00000000e5e80000,0x00000000e8e00000)
 ParOldGen       total 179712K, used 74023K [0x0000000080000000, 0x000000008af80000, 0x00000000d5580000)
  object space 179712K, 41% used [0x0000000080000000,0x0000000084849cc8,0x000000008af80000)
 Metaspace       used 102051K, capacity 108044K, committed 108248K, reserved 1142784K
  class space    used 13709K, capacity 14982K, committed 15104K, reserved 1048576K
Event: 3493.246 GC heap after
Heap after GC invocations=25 (full 4):
 PSYoungGen      total 320000K, used 38390K [0x00000000d5580000, 0x00000000ed400000, 0x0000000100000000)
  eden space 271360K, 0% used [0x00000000d5580000,0x00000000d5580000,0x00000000e5e80000)
  from space 48640K, 78% used [0x00000000e5e80000,0x00000000e83fda00,0x00000000e8e00000)
  to   space 52224K, 0% used [0x00000000ea100000,0x00000000ea100000,0x00000000ed400000)
 ParOldGen       total 179712K, used 74031K [0x0000000080000000, 0x000000008af80000, 0x00000000d5580000)
  object space 179712K, 41% used [0x0000000080000000,0x000000008484bcc8,0x000000008af80000)
 Metaspace       used 102051K, capacity 108044K, committed 108248K, reserved 1142784K
  class space    used 13709K, capacity 14982K, committed 15104K, reserved 1048576K
}
Event: 3494.067 GC heap before
{Heap before GC invocations=26 (full 4):
 PSYoungGen      total 320000K, used 69830K [0x00000000d5580000, 0x00000000ed400000, 0x0000000100000000)
  eden space 271360K, 11% used [0x00000000d5580000,0x00000000d7434068,0x00000000e5e80000)
  from space 48640K, 78% used [0x00000000e5e80000,0x00000000e83fda00,0x00000000e8e00000)
  to   space 52224K, 0% used [0x00000000ea100000,0x00000000ea100000,0x00000000ed400000)
 ParOldGen       total 179712K, used 74031K [0x0000000080000000, 0x000000008af80000, 0x00000000d5580000)
  object space 179712K, 41% used [0x0000000080000000,0x000000008484bcc8,0x000000008af80000)
 Metaspace       used 103842K, capacity 109832K, committed 109912K, reserved 1157120K
  class space    used 13894K, capacity 15170K, committed 15232K, reserved 1048576K
Event: 3494.120 GC heap after
Heap after GC invocations=26 (full 4):
 PSYoungGen      total 323584K, used 40231K [0x00000000d5580000, 0x00000000ed400000, 0x0000000100000000)
  eden space 271360K, 0% used [0x00000000d5580000,0x00000000d5580000,0x00000000e5e80000)
  from space 52224K, 77% used [0x00000000ea100000,0x00000000ec849f38,0x00000000ed400000)
  to   space 48640K, 0% used [0x00000000e5e80000,0x00000000e5e80000,0x00000000e8e00000)
 ParOldGen       total 179712K, used 74039K [0x0000000080000000, 0x000000008af80000, 0x00000000d5580000)
  object space 179712K, 41% used [0x0000000080000000,0x000000008484dcc8,0x000000008af80000)
 Metaspace       used 103842K, capacity 109832K, committed 109912K, reserved 1157120K
  class space    used 13894K, capacity 15170K, committed 15232K, reserved 1048576K
}
Event: 3494.120 GC heap before
{Heap before GC invocations=27 (full 5):
 PSYoungGen      total 323584K, used 40231K [0x00000000d5580000, 0x00000000ed400000, 0x0000000100000000)
  eden space 271360K, 0% used [0x00000000d5580000,0x00000000d5580000,0x00000000e5e80000)
  from space 52224K, 77% used [0x00000000ea100000,0x00000000ec849f38,0x00000000ed400000)
  to   space 48640K, 0% used [0x00000000e5e80000,0x00000000e5e80000,0x00000000e8e00000)
 ParOldGen       total 179712K, used 74039K [0x0000000080000000, 0x000000008af80000, 0x00000000d5580000)
  object space 179712K, 41% used [0x0000000080000000,0x000000008484dcc8,0x000000008af80000)
 Metaspace       used 103842K, capacity 109832K, committed 109912K, reserved 1157120K
  class space    used 13894K, capacity 15170K, committed 15232K, reserved 1048576K
Event: 3494.651 GC heap after
Heap after GC invocations=27 (full 5):
 PSYoungGen      total 323584K, used 0K [0x00000000d5580000, 0x00000000ed400000, 0x0000000100000000)
  eden space 271360K, 0% used [0x00000000d5580000,0x00000000d5580000,0x00000000e5e80000)
  from space 52224K, 0% used [0x00000000ea100000,0x00000000ea100000,0x00000000ed400000)
  to   space 48640K, 0% used [0x00000000e5e80000,0x00000000e5e80000,0x00000000e8e00000)
 ParOldGen       total 179712K, used 81684K [0x0000000080000000, 0x000000008af80000, 0x00000000d5580000)
  object space 179712K, 45% used [0x0000000080000000,0x0000000084fc5200,0x000000008af80000)
 Metaspace       used 102465K, capacity 107262K, committed 109912K, reserved 1146880K
  class space    used 13614K, capacity 14606K, committed 15232K, reserved 1048576K
}

